<?xml version="1.0" encoding="UTF-8"?>
<!-- Generated by org.testng.reporters.JUnitReportReporter -->
<testsuite hostname="TRPL-PUN-0115" failures="0" tests="21" name="tests.TestCases" time="736.037" errors="1" timestamp="13 Mar 2024 06:09:36 GMT" skipped="0">
  <testcase classname="tests.TestCases" name="EntitiesCount" time="33.879"/>
  <testcase classname="tests.TestCases" name="close" time="0.052">
    <error message="The requested resource could not be found, or a request was received using an HTTP method that is not supported by the mapped resource
Build info: version: &#039;4.13.0&#039;, revision: &#039;ba948ece5b*&#039;
System info: os.name: &#039;Windows 10&#039;, os.arch: &#039;amd64&#039;, os.version: &#039;10.0&#039;, java.version: &#039;20&#039;
Driver info: io.appium.java_client.AppiumDriver
Command: [31466f2e-377a-4254-9dc1-003176946cc2, close {}]
Capabilities {appium:appActivity: in.avantis.users.avantisapp..., appium:appPackage: in.avantis.users.avantisapp, appium:databaseEnabled: false, appium:desired: {appActivity: in.avantis.users.avantisapp..., appPackage: in.avantis.users.avantisapp, deviceName: Redmi9A, ignoreHiddenApiPolicyError: true, noReset: true, platformName: ANDROID, platformVersion: 10, udid: R9ZX10PM4LJ}, appium:deviceApiLevel: 33, appium:deviceManufacturer: samsung, appium:deviceModel: SM-A055F, appium:deviceName: R9ZX10PM4LJ, appium:deviceScreenDensity: 300, appium:deviceScreenSize: 720x1600, appium:deviceUDID: R9ZX10PM4LJ, appium:ignoreHiddenApiPolicyError: true, appium:javascriptEnabled: true, appium:locationContextEnabled: false, appium:networkConnectionEnabled: true, appium:noReset: true, appium:pixelRatio: 1.875, appium:platformVersion: 13, appium:statBarHeight: 45, appium:takesScreenshot: true, appium:udid: R9ZX10PM4LJ, appium:viewportRect: {height: 1406, left: 0, top: 45, width: 720}, appium:warnings: {}, appium:webStorageEnabled: false, platformName: ANDROID}
Session ID: 31466f2e-377a-4254-9dc1-003176946cc2" type="org.openqa.selenium.UnsupportedCommandException">
      <![CDATA[org.openqa.selenium.UnsupportedCommandException: The requested resource could not be found, or a request was received using an HTTP method that is not supported by the mapped resource
Build info: version: '4.13.0', revision: 'ba948ece5b*'
System info: os.name: 'Windows 10', os.arch: 'amd64', os.version: '10.0', java.version: '20'
Driver info: io.appium.java_client.AppiumDriver
Command: [31466f2e-377a-4254-9dc1-003176946cc2, close {}]
Capabilities {appium:appActivity: in.avantis.users.avantisapp..., appium:appPackage: in.avantis.users.avantisapp, appium:databaseEnabled: false, appium:desired: {appActivity: in.avantis.users.avantisapp..., appPackage: in.avantis.users.avantisapp, deviceName: Redmi9A, ignoreHiddenApiPolicyError: true, noReset: true, platformName: ANDROID, platformVersion: 10, udid: R9ZX10PM4LJ}, appium:deviceApiLevel: 33, appium:deviceManufacturer: samsung, appium:deviceModel: SM-A055F, appium:deviceName: R9ZX10PM4LJ, appium:deviceScreenDensity: 300, appium:deviceScreenSize: 720x1600, appium:deviceUDID: R9ZX10PM4LJ, appium:ignoreHiddenApiPolicyError: true, appium:javascriptEnabled: true, appium:locationContextEnabled: false, appium:networkConnectionEnabled: true, appium:noReset: true, appium:pixelRatio: 1.875, appium:platformVersion: 13, appium:statBarHeight: 45, appium:takesScreenshot: true, appium:udid: R9ZX10PM4LJ, appium:viewportRect: {height: 1406, left: 0, top: 45, width: 720}, appium:warnings: {}, appium:webStorageEnabled: false, platformName: ANDROID}
Session ID: 31466f2e-377a-4254-9dc1-003176946cc2
at java.base/jdk.internal.reflect.DirectConstructorHandleAccessor.newInstance(DirectConstructorHandleAccessor.java:67)
at java.base/java.lang.reflect.Constructor.newInstanceWithCaller(Constructor.java:500)
at java.base/java.lang.reflect.Constructor.newInstance(Constructor.java:484)
at org.openqa.selenium.remote.codec.w3c.W3CHttpResponseCodec.createException(W3CHttpResponseCodec.java:200)
at org.openqa.selenium.remote.codec.w3c.W3CHttpResponseCodec.decode(W3CHttpResponseCodec.java:133)
at org.openqa.selenium.remote.codec.w3c.W3CHttpResponseCodec.decode(W3CHttpResponseCodec.java:52)
at org.openqa.selenium.remote.HttpCommandExecutor.execute(HttpCommandExecutor.java:191)
at io.appium.java_client.remote.AppiumCommandExecutor.execute(AppiumCommandExecutor.java:250)
at org.openqa.selenium.remote.RemoteWebDriver.execute(RemoteWebDriver.java:602)
at org.openqa.selenium.remote.RemoteWebDriver.execute(RemoteWebDriver.java:675)
at io.appium.java_client.AppiumDriver.execute(AppiumDriver.java:313)
at org.openqa.selenium.remote.RemoteWebDriver.close(RemoteWebDriver.java:409)
at tests.TestCases.close(TestCases.java:313)
at java.base/jdk.internal.reflect.DirectMethodHandleAccessor.invoke(DirectMethodHandleAccessor.java:104)
at java.base/java.lang.reflect.Method.invoke(Method.java:578)
at org.testng.internal.MethodInvocationHelper.invokeMethod(MethodInvocationHelper.java:124)
at org.testng.internal.MethodInvocationHelper.invokeMethodConsideringTimeout(MethodInvocationHelper.java:59)
at org.testng.internal.Invoker.invokeConfigurationMethod(Invoker.java:455)
at org.testng.internal.Invoker.invokeConfigurations(Invoker.java:222)
at org.testng.internal.Invoker.invokeConfigurations(Invoker.java:142)
at org.testng.TestRunner.afterRun(TestRunner.java:725)
at org.testng.TestRunner.run(TestRunner.java:509)
at org.testng.SuiteRunner.runTest(SuiteRunner.java:455)
at org.testng.SuiteRunner.runSequentially(SuiteRunner.java:450)
at org.testng.SuiteRunner.privateRun(SuiteRunner.java:415)
at org.testng.SuiteRunner.run(SuiteRunner.java:364)
at org.testng.SuiteRunnerWorker.runSuite(SuiteRunnerWorker.java:52)
at org.testng.SuiteRunnerWorker.run(SuiteRunnerWorker.java:84)
at org.testng.TestNG.runSuitesSequentially(TestNG.java:1208)
at org.testng.TestNG.runSuitesLocally(TestNG.java:1137)
at org.testng.TestNG.runSuites(TestNG.java:1049)
at org.testng.TestNG.run(TestNG.java:1017)
at org.testng.remote.AbstractRemoteTestNG.run(AbstractRemoteTestNG.java:115)
at org.testng.remote.RemoteTestNG.initAndRun(RemoteTestNG.java:251)
at org.testng.remote.RemoteTestNG.main(RemoteTestNG.java:77)
]]>
    </error>
  </testcase> <!-- close -->
  <testcase classname="tests.TestCases" name="LocationCount" time="23.527"/>
  <testcase classname="tests.TestCases" name="CategoryCount" time="71.605"/>
  <testcase classname="tests.TestCases" name="ComplianceCount" time="77.026"/>
  <testcase classname="tests.TestCases" name="UsersCount" time="29.134"/>
  <testcase classname="tests.TestCases" name="DashboardfilterStatutory" time="56.447"/>
  <testcase classname="tests.TestCases" name="DashboardfilterInternal" time="46.251"/>
  <testcase classname="tests.TestCases" name="CloseTimelyCount" time="29.052"/>
  <testcase classname="tests.TestCases" name="Overduecount" time="29.063"/>
  <testcase classname="tests.TestCases" name="ClosedDelayedcount" time="28.819"/>
  <testcase classname="tests.TestCases" name="InternalCloseTimelycount" time="29.986"/>
  <testcase classname="tests.TestCases" name="InternalOverduecount" time="29.829"/>
  <testcase classname="tests.TestCases" name="InternalClosedDelayedcount" time="30.167"/>
  <testcase classname="tests.TestCases" name="complianceCalender" time="30.099"/>
  <testcase classname="tests.TestCases" name="ClickMyAct" time="64.144"/>
  <testcase classname="tests.TestCases" name="ClickUpdateDetailes" time="17.179"/>
  <testcase classname="tests.TestCases" name="NewLetterDeatiles" time="23.185"/>
  <testcase classname="tests.TestCases" name="clickNotification" time="16.344"/>
  <testcase classname="tests.TestCases" name="MyReport" time="36.132"/>
  <testcase classname="tests.TestCases" name="InternalMyReport" time="34.117"/>
</testsuite> <!-- tests.TestCases -->
